Base path: C:/Program Files (x86)/Unity/Editor/Data
Pipe name: \\.\pipe\UnityShaderCompiler-1-3740
Cmd: getPlatforms
Cmd: preprocess
  error: 1 plat 15 at (64): Unrecognized #pragma directive: shader_feature
  error: 1 plat 15 at (112): Unrecognized #pragma directive: shader_feature
  error: 2 plat 15 at (150): Can't find include file UnityStandardCore.cginc
  error: 1 plat 15 at (156): Unrecognized #pragma directive: shader_feature
  error: 1 plat 15 at (193): Unrecognized #pragma directive: shader_feature
  error: 1 plat 15 at (193): Unrecognized renderer for #pragma exclude_renderers: nomrt
  error: 2 plat 15 at (234): Can't find include file UnityStandardCore.cginc
  error: 1 plat 15 at (244): Unrecognized #pragma directive: shader_feature
  error: 1 plat 15 at (284): Unrecognized #pragma directive: shader_feature
  error: 1 plat 15 at (284): Unrecognized #pragma directive: skip_variants
  error: 2 plat 15 at (304): Can't find include file UnityStandardShadow.cginc
  error: 1 plat 15 at (330): Unrecognized #pragma directive: shader_feature
  error: 1 plat 15 at (330): Unrecognized #pragma directive: skip_variants
  error: 1 plat 15 at (370): Unrecognized #pragma directive: shader_feature
  error: 1 plat 15 at (370): Unrecognized #pragma directive: skip_variants
  error: 2 plat 15 at (375): Can't find include file UnityStandardCore.cginc
  error: 1 plat 15 at (407): Unrecognized #pragma directive: shader_feature
  error: 2 plat 15 at (450): Can't find include file UnityStandardMeta.cginc
  error: 2 plat 15 at (528): Can't find include file UnityStandardCore.cginc
  error: 2 plat 15 at (606): Can't find include file UnityStandardCore.cginc
  error: 2 plat 15 at (668): Can't find include file UnityStandardShadow.cginc
  error: 2 plat 15 at (728): Can't find include file UnityStandardMeta.cginc
  insize=9067 outsize=5019 ok=0
Cmd: preprocess
  insize=514 outsize=1212 ok=1
Cmd: compileSnippet
  api=4 type=0 insize=4366 outsize=2753 kw=DIRECTIONAL SHADOWS_OFF LIGHTMAP_OFF DIRLIGHTMAP_OFF ok=1
Cmd: compileSnippet
  api=4 type=1 insize=4366 outsize=1380 kw=DIRECTIONAL SHADOWS_OFF LIGHTMAP_OFF DIRLIGHTMAP_OFF ok=1
Cmd: compileSnippet
  api=4 type=0 insize=2380 outsize=3021 kw=POINT ok=1
Cmd: compileSnippet
  api=4 type=1 insize=2380 outsize=1680 kw=POINT ok=1
Cmd: compileSnippet
  api=4 type=0 insize=1835 outsize=1477 kw= ok=1
Cmd: compileSnippet
  api=4 type=1 insize=1835 outsize=632 kw= ok=1
Cmd: compileSnippet
  api=4 type=0 insize=4093 outsize=3029 kw=LIGHTMAP_OFF DIRLIGHTMAP_OFF HDR_LIGHT_PREPASS_OFF ok=1
Cmd: compileSnippet
  api=4 type=1 insize=4093 outsize=1290 kw=LIGHTMAP_OFF DIRLIGHTMAP_OFF HDR_LIGHT_PREPASS_OFF ok=1
Cmd: preprocess
  insize=1070 outsize=1330 ok=1
Cmd: compileSnippet
  api=4 type=0 insize=5200 outsize=3094 kw=DIRECTIONAL SHADOWS_OFF LIGHTMAP_OFF DIRLIGHTMAP_OFF ok=1
Cmd: compileSnippet
  api=4 type=1 insize=5200 outsize=2428 kw=DIRECTIONAL SHADOWS_OFF LIGHTMAP_OFF DIRLIGHTMAP_OFF ok=1
Cmd: compileSnippet
  api=4 type=0 insize=3186 outsize=3362 kw=POINT ok=1
Cmd: compileSnippet
  api=4 type=1 insize=3186 outsize=2728 kw=POINT ok=1
Cmd: compileSnippet
  api=4 type=0 insize=2274 outsize=1477 kw= ok=1
Cmd: compileSnippet
  api=4 type=1 insize=2274 outsize=632 kw= ok=1
Cmd: compileSnippet
  api=4 type=0 insize=4899 outsize=3370 kw=LIGHTMAP_OFF DIRLIGHTMAP_OFF HDR_LIGHT_PREPASS_OFF ok=1
Cmd: compileSnippet
  api=4 type=1 insize=4899 outsize=2338 kw=LIGHTMAP_OFF DIRLIGHTMAP_OFF HDR_LIGHT_PREPASS_OFF ok=1
Cmd: preprocess
  insize=767 outsize=346 ok=1
Cmd: compileSnippet
  api=4 type=0 insize=720 outsize=973 kw= ok=1
Cmd: compileSnippet
  api=4 type=1 insize=720 outsize=502 kw= ok=1
Cmd: preprocess
  insize=563 outsize=264 ok=1
Cmd: compileSnippet
  api=4 type=0 insize=601 outsize=445 kw= ok=1
Cmd: compileSnippet
  api=4 type=1 insize=601 outsize=437 kw= ok=1
Cmd: preprocess
  insize=715 outsize=387 ok=1
Cmd: compileSnippet
  api=4 type=0 insize=627 outsize=762 kw= ok=1
Cmd: compileSnippet
  api=4 type=1 insize=627 outsize=453 kw= ok=1
Cmd: preprocess
  insize=927 outsize=398 ok=1
Cmd: compileSnippet
  api=4 type=0 insize=828 outsize=1193 kw= ok=1
Cmd: compileSnippet
  api=4 type=1 insize=828 outsize=754 kw= ok=1
Cmd: preprocess
  insize=879 outsize=389 ok=1
Cmd: compileSnippet
  api=4 type=0 insize=791 outsize=1185 kw= ok=1
Cmd: compileSnippet
  api=4 type=1 insize=791 outsize=453 kw= ok=1
Cmd: preprocess
  error: 1 plat 15 at (66): Unrecognized #pragma directive: shader_feature
  error: 1 plat 15 at (115): Unrecognized #pragma directive: shader_feature
  error: 2 plat 15 at (155): Can't find include file UnityStandardCore.cginc
  error: 1 plat 15 at (159): Unrecognized #pragma directive: shader_feature
  error: 1 plat 15 at (196): Unrecognized #pragma directive: shader_feature
  error: 1 plat 15 at (196): Unrecognized renderer for #pragma exclude_renderers: nomrt
  error: 2 plat 15 at (240): Can't find include file UnityStandardCore.cginc
  error: 1 plat 15 at (248): Unrecognized #pragma directive: shader_feature
  error: 1 plat 15 at (288): Unrecognized #pragma directive: shader_feature
  error: 1 plat 15 at (288): Unrecognized #pragma directive: skip_variants
  error: 2 plat 15 at (310): Can't find include file UnityStandardShadow.cginc
  error: 1 plat 15 at (334): Unrecognized #pragma directive: shader_feature
  error: 1 plat 15 at (334): Unrecognized #pragma directive: skip_variants
  error: 1 plat 15 at (374): Unrecognized #pragma directive: shader_feature
  error: 1 plat 15 at (374): Unrecognized #pragma directive: skip_variants
  error: 2 plat 15 at (382): Can't find include file UnityStandardCore.cginc
  error: 1 plat 15 at (411): Unrecognized #pragma directive: shader_feature
  error: 2 plat 15 at (458): Can't find include file UnityStandardMeta.cginc
  error: 2 plat 15 at (536): Can't find include file UnityStandardCore.cginc
  error: 2 plat 15 at (614): Can't find include file UnityStandardCore.cginc
  error: 2 plat 15 at (676): Can't find include file UnityStandardShadow.cginc
  error: 2 plat 15 at (736): Can't find include file UnityStandardMeta.cginc
  insize=9164 outsize=5077 ok=0
Cmd: preprocess
  insize=1595 outsize=452 ok=1
Cmd: compileSnippet
  api=4 type=0 insize=1442 outsize=2680 kw= ok=1
Cmd: compileSnippet
  api=4 type=1 insize=1442 outsize=754 kw= ok=1
Cmd: compileSnippet
  api=4 type=0 insize=2380 outsize=1997 kw=DIRECTIONAL ok=1
Cmd: compileSnippet
  api=4 type=1 insize=2380 outsize=1266 kw=DIRECTIONAL ok=1
